<?xml version="1.0" encoding="UTF-8"?>
<!-- Generated by org.testng.reporters.JUnitReportReporter -->
<testsuite hostname="DESKTOP-F95BMJT" failures="0" tests="1" name="com.UaiselSmartech.Xcel.PR_WRIteInExcel" time="0.784" errors="0" timestamp="2024-06-08T18:29:17 IST" skipped="0">
  <testcase classname="com.UaiselSmartech.Xcel.PR_WRIteInExcel" name="Write" time="0.784"/>
</testsuite> <!-- com.UaiselSmartech.Xcel.PR_WRIteInExcel -->
