<?xml version="1.0" encoding="UTF-8"?>
<!-- Generated by org.testng.reporters.JUnitReportReporter -->
<testsuite hostname="DESKTOP-F95BMJT" failures="0" tests="1" name="com.UaiselSmartech.testNG.JqueryDropdown" time="0.311" errors="0" timestamp="2024-06-19T14:25:48 IST" skipped="0">
  <testcase classname="com.UaiselSmartech.testNG.JqueryDropdown" name="f" time="0.311"/>
</testsuite> <!-- com.UaiselSmartech.testNG.JqueryDropdown -->
