<?xml version="1.0" encoding="UTF-8"?>
<!-- Generated by org.testng.reporters.JUnitReportReporter -->
<testsuite hostname="DESKTOP-F95BMJT" failures="0" tests="1" name="com.UaiselSmartech.Xcel.ReadDataFromExcelByCollumnName" time="0.662" errors="0" timestamp="2024-06-06T14:03:40 IST" skipped="0">
  <testcase classname="com.UaiselSmartech.Xcel.ReadDataFromExcelByCollumnName" name="f" time="0.662"/>
</testsuite> <!-- com.UaiselSmartech.Xcel.ReadDataFromExcelByCollumnName -->
