<?xml version="1.0" encoding="UTF-8"?>
<!-- Generated by org.testng.reporters.JUnitReportReporter -->
<testsuite hostname="DESKTOP-F95BMJT" failures="0" tests="1" name="com.inetBanking.testCases.TC001_LoginTest" time="0.021" errors="0" timestamp="2024-07-10T01:26:59 IST" skipped="0">
  <testcase classname="com.inetBanking.testCases.TC001_LoginTest" name="logineTest" time="0.021"/>
</testsuite> <!-- com.inetBanking.testCases.TC001_LoginTest -->
