<?xml version="1.0" encoding="UTF-8"?>
<!-- Generated by org.testng.reporters.JUnitReportReporter -->
<testsuite hostname="DESKTOP-F95BMJT" failures="0" tests="1" name="com.UaiselSmartech.testNG.RadioButton_Properties" time="0.460" errors="0" timestamp="2024-06-19T17:21:48 IST" skipped="0">
  <testcase classname="com.UaiselSmartech.testNG.RadioButton_Properties" name="f" time="0.460"/>
</testsuite> <!-- com.UaiselSmartech.testNG.RadioButton_Properties -->
