<?xml version="1.0" encoding="UTF-8"?>
<!-- Generated by org.testng.reporters.JUnitReportReporter -->
<testsuite hostname="DESKTOP-F95BMJT" failures="0" tests="1" name="com.UaiselSmartech.testNG.PrinLinks" time="4.960" errors="0" timestamp="2024-06-03T09:19:04 IST" skipped="0">
  <testcase classname="com.UaiselSmartech.testNG.PrinLinks" name="f" time="4.960"/>
</testsuite> <!-- com.UaiselSmartech.testNG.PrinLinks -->
