<?xml version="1.0" encoding="UTF-8"?>
<!-- Generated by org.testng.reporters.JUnitReportReporter -->
<testsuite hostname="DESKTOP-F95BMJT" failures="0" tests="1" name="com.UaiselSmartech.Xcel.ReadData_From_xcelFile" time="0.790" errors="0" timestamp="2024-06-19T18:11:04 IST" skipped="0">
  <testcase classname="com.UaiselSmartech.Xcel.ReadData_From_xcelFile" name="f" time="0.790"/>
</testsuite> <!-- com.UaiselSmartech.Xcel.ReadData_From_xcelFile -->
