<?xml version="1.0" encoding="UTF-8"?>
<!-- Generated by org.testng.reporters.JUnitReportReporter -->
<testsuite hostname="DESKTOP-F95BMJT" failures="0" tests="4" name="com.UaiselSmartech.testNG.Mouse_keyboard_operations" time="0.560" errors="0" timestamp="2024-06-05T16:00:25 IST" skipped="3">
  <testcase classname="com.UaiselSmartech.testNG.Mouse_keyboard_operations" name="slider" time="0.560"/>
  <testcase classname="com.UaiselSmartech.testNG.Mouse_keyboard_operations" name="draganddrop">
    <skipped/>
  </testcase> <!-- draganddrop -->
  <testcase classname="com.UaiselSmartech.testNG.Mouse_keyboard_operations" name="rightclick">
    <skipped/>
  </testcase> <!-- rightclick -->
  <testcase classname="com.UaiselSmartech.testNG.Mouse_keyboard_operations" name="resizeObject">
    <skipped/>
  </testcase> <!-- resizeObject -->
</testsuite> <!-- com.UaiselSmartech.testNG.Mouse_keyboard_operations -->
