<?xml version="1.0" encoding="UTF-8"?>
<!-- Generated by org.testng.reporters.JUnitReportReporter -->
<testsuite hostname="DESKTOP-F95BMJT" failures="0" tests="1" name="com.UaiselSmartech.Xcel.fetch_ExcelData" time="0.783" errors="0" timestamp="2024-06-09T10:25:34 IST" skipped="0">
  <testcase classname="com.UaiselSmartech.Xcel.fetch_ExcelData" name="fetchingExcelData" time="0.783"/>
</testsuite> <!-- com.UaiselSmartech.Xcel.fetch_ExcelData -->
