<?xml version="1.0" encoding="UTF-8"?>
<!-- Generated by org.testng.reporters.JUnitReportReporter -->
<testsuite hostname="DESKTOP-F95BMJT" failures="0" tests="1" name="com.UaiselSmartech.testNG.CheckBox_PropertyValus" time="0.812" errors="0" timestamp="2024-06-19T18:06:17 IST" skipped="0">
  <testcase classname="com.UaiselSmartech.testNG.CheckBox_PropertyValus" name="f" time="0.812"/>
</testsuite> <!-- com.UaiselSmartech.testNG.CheckBox_PropertyValus -->
