<?xml version="1.0" encoding="UTF-8"?>
<!-- Generated by org.testng.reporters.JUnitReportReporter -->
<testsuite hostname="DESKTOP-F95BMJT" failures="0" tests="1" name="com.UaiselSmartech.testNG.Javascript_Executor" time="0.110" errors="0" timestamp="2024-06-05T09:54:00 IST" skipped="0">
  <testcase classname="com.UaiselSmartech.testNG.Javascript_Executor" name="f" time="0.110"/>
</testsuite> <!-- com.UaiselSmartech.testNG.Javascript_Executor -->
