<?xml version="1.0" encoding="UTF-8"?>
<!-- Generated by org.testng.reporters.JUnitReportReporter -->
<testsuite hostname="DESKTOP-F95BMJT" failures="0" tests="1" name="com.UaiselSmartech.Xcel.ReadAllDataFromExcel" time="0.671" errors="0" timestamp="2024-06-06T14:35:05 IST" skipped="0">
  <testcase classname="com.UaiselSmartech.Xcel.ReadAllDataFromExcel" name="f" time="0.671"/>
</testsuite> <!-- com.UaiselSmartech.Xcel.ReadAllDataFromExcel -->
