<?xml version="1.0" encoding="UTF-8"?>
<!-- Generated by org.testng.reporters.JUnitReportReporter -->
<testsuite hostname="DESKTOP-F95BMJT" failures="0" tests="1" name="com.UaiselSmartech.testNG.TC001_HRM_Login" time="1.623" errors="0" timestamp="2024-05-30T08:26:15 IST" skipped="0">
  <testcase classname="com.UaiselSmartech.testNG.TC001_HRM_Login" name="login" time="1.623"/>
</testsuite> <!-- com.UaiselSmartech.testNG.TC001_HRM_Login -->
