<?xml version="1.0" encoding="UTF-8"?>
<!-- Generated by org.testng.reporters.JUnitReportReporter -->
<testsuite hostname="DESKTOP-F95BMJT" failures="0" tests="2" name="com.UaiselSmartech.testNG.Screenshot" time="0.431" errors="0" timestamp="2024-06-05T09:46:02 IST" skipped="1">
  <testcase classname="com.UaiselSmartech.testNG.Screenshot" name="Conditionbased" time="0.431"/>
  <testcase classname="com.UaiselSmartech.testNG.Screenshot" name="f">
    <skipped/>
  </testcase> <!-- f -->
</testsuite> <!-- com.UaiselSmartech.testNG.Screenshot -->
