<?xml version="1.0" encoding="UTF-8"?>
<!-- Generated by org.testng.reporters.JUnitReportReporter -->
<testsuite hostname="DESKTOP-F95BMJT" failures="0" tests="1" name="com.UaiselSmartech.testNG.CaptureScreenshots" time="0.334" errors="0" timestamp="2024-06-19T17:55:30 IST" skipped="0">
  <testcase classname="com.UaiselSmartech.testNG.CaptureScreenshots" name="f" time="0.334"/>
</testsuite> <!-- com.UaiselSmartech.testNG.CaptureScreenshots -->
