<?xml version="1.0" encoding="UTF-8"?>
<!-- Generated by org.testng.reporters.JUnitReportReporter -->
<testsuite hostname="DESKTOP-F95BMJT" failures="0" tests="1" name="com.UaiselSmartech.testNG.Facebook_Dropdown" time="16.009" errors="0" timestamp="2024-06-09T11:25:44 IST" skipped="0">
  <testcase classname="com.UaiselSmartech.testNG.Facebook_Dropdown" name="f" time="16.009"/>
</testsuite> <!-- com.UaiselSmartech.testNG.Facebook_Dropdown -->
