<?xml version="1.0" encoding="UTF-8"?>
<!-- Generated by org.testng.reporters.JUnitReportReporter -->
<testsuite hostname="DESKTOP-F95BMJT" failures="0" tests="1" name="com.UaiselSmartech.testNG.PrintAllRadioButtonProperties" time="38.499" errors="0" timestamp="2024-04-16T12:32:19 IST" skipped="0">
  <testcase classname="com.UaiselSmartech.testNG.PrintAllRadioButtonProperties" name="f" time="38.499"/>
</testsuite> <!-- com.UaiselSmartech.testNG.PrintAllRadioButtonProperties -->
